
7월 31, 2019 14:49:55.06 NEW SESSION
7월 31, 2019 14:49:55.06 [4308:2484:0731/144955.059:ERROR:http_bridge.cc(110)] NOT IMPLEMENTED
7월 31, 2019 14:49:55.56 [4308:6288:0731/144955.560:ERROR:browser_process_sub_thread.cc(221)] Waited 294 ms for network service
7월 31, 2019 14:49:55.58 
7월 31, 2019 14:49:55.58 KLIB_SelfTest return : KLR_OK
7월 31, 2019 14:50:11.21 [12552:12428:0731/145011.214:ERROR:http_bridge.cc(110)] NOT IMPLEMENTED
7월 31, 2019 14:50:11.69 [12552:13084:0731/145011.699:ERROR:browser_process_sub_thread.cc(221)] Waited 169 ms for network service
7월 31, 2019 14:50:11.72 
7월 31, 2019 14:50:11.72 KLIB_SelfTest return : KLR_OK
7월 31, 2019 15:13:54.36 [14712:12512:0731/151354.369:ERROR:platform_sensor_reader_win.cc(244)] NOT IMPLEMENTED
7월 31, 2019 17:01:47.55 [14712:14804:0731/170147.508:ERROR:http_bridge.cc(110)] NOT IMPLEMENTED
7월 31, 2019 17:01:51.46 [14712:12616:0731/170151.464:ERROR:browser_process_sub_thread.cc(221)] Waited 871 ms for network service
7월 31, 2019 17:01:52.05 
7월 31, 2019 17:01:52.05 KLIB_SelfTest return : KLR_OK

8월 02, 2019 10:14:33.36 NEW SESSION
8월 02, 2019 10:14:33.36 [5456:10144:0802/101433.327:ERROR:http_bridge.cc(110)] NOT IMPLEMENTED
8월 02, 2019 10:14:33.83 [5456:6468:0802/101433.830:ERROR:browser_process_sub_thread.cc(221)] Waited 204 ms for network service
8월 02, 2019 10:14:33.85 
8월 02, 2019 10:14:33.85 KLIB_SelfTest return : KLR_OK
8월 02, 2019 10:20:23.68 [7024:13212:0802/102023.681:ERROR:http_bridge.cc(110)] NOT IMPLEMENTED
8월 02, 2019 10:20:23.94 [7024:6468:0802/102023.948:ERROR:browser_process_sub_thread.cc(221)] Waited 142 ms for network service
8월 02, 2019 10:20:23.97 
8월 02, 2019 10:20:23.97 KLIB_SelfTest return : KLR_OK
